<?xml version="1.0" encoding="UTF-8"?>
<!-- Generated by org.testng.reporters.JUnitReportReporter -->
<testsuite hostname="mnsk34" name="com.autotesting.framework.suites.GetPersonServiceTests" tests="3" failures="0" timestamp="30 May 2014 15:51:46 GMT" time="15.011" errors="0">
  <testcase name="getPersonTestValidNumber" time="4.727" classname="com.autotesting.framework.suites.GetPersonServiceTests"/>
  <testcase name="getPersonTestInvalidNumber" time="6.005" classname="com.autotesting.framework.suites.GetPersonServiceTests"/>
  <testcase name="getPersonTestInvalidNumberNoKs" time="4.279" classname="com.autotesting.framework.suites.GetPersonServiceTests"/>
</testsuite> <!-- com.autotesting.framework.suites.GetPersonServiceTests -->
