<?xml version="1.0" encoding="UTF-8"?>
<!-- Generated by org.testng.reporters.JUnitReportReporter -->
<testsuite hostname="mnsk34" name="com.autotestting.framework.primaryFiles.LoadPrimaryFilesDataBase" tests="1" failures="0" timestamp="5 Jun 2014 12:53:51 GMT" time="0.249" errors="0">
  <testcase name="adv1Test" time="0.249" classname="com.autotestting.framework.primaryFiles.LoadPrimaryFilesDataBase"/>
</testsuite> <!-- com.autotestting.framework.primaryFiles.LoadPrimaryFilesDataBase -->
