<?xml version="1.0" encoding="UTF-8"?>
<!-- Generated by org.testng.reporters.JUnitReportReporter -->
<testsuite hostname="mnsk34" name="com.autotesting.framework.regression.swagger.GetPersonServiceTests" tests="2" failures="0" timestamp="4 Jun 2014 13:58:27 GMT" time="6.877" errors="0">
  <testcase name="getPersonTestInvalidNumberNoKs" time="3.076" classname="com.autotesting.framework.regression.swagger.GetPersonServiceTests"/>
  <testcase name="getPersonTestInvalidNumber" time="3.801" classname="com.autotesting.framework.regression.swagger.GetPersonServiceTests"/>
</testsuite> <!-- com.autotesting.framework.regression.swagger.GetPersonServiceTests -->
