<?xml version="1.0" encoding="UTF-8"?>
<!-- Generated by org.testng.reporters.JUnitReportReporter -->
<testsuite hostname="mnsk34" name="com.autotetsting.framework.smoke.SmokeTests" tests="4" failures="0" timestamp="6 Jun 2014 11:53:58 GMT" time="25.274" errors="0">
  <testcase name="validatePersonValidData" time="5.696" classname="com.autotetsting.framework.smoke.SmokeTests"/>
  <testcase name="getPersonTestValidNumber" time="9.405" classname="com.autotetsting.framework.smoke.SmokeTests"/>
  <testcase name="getSalaryValidData" time="5.618" classname="com.autotetsting.framework.smoke.SmokeTests"/>
  <testcase name="getPersonNumberValidData" time="4.555" classname="com.autotetsting.framework.smoke.SmokeTests"/>
</testsuite> <!-- com.autotetsting.framework.smoke.SmokeTests -->
